SF:lib/src/models/weather.dart
DA:6,2
DA:16,2
DA:22,1
DA:23,1
DA:25,2
DA:31,2
DA:32,8
LF:7
LH:7
end_of_record
SF:lib/src/models/weather.g.dart
DA:9,2
DA:12,1
DA:13,1
DA:14,2
DA:16,3
DA:17,1
DA:18,2
DA:24,2
DA:25,1
DA:26,1
DA:27,2
DA:30,1
DA:36,0
DA:38,0
DA:42,2
DA:43,3
DA:44,0
DA:46,0
DA:48,0
DA:51,0
DA:53,1
LF:21
LH:15
end_of_record
SF:lib/src/weather_repository.dart
DA:7,1
DA:8,1
DA:12,1
DA:13,3
DA:14,3
DA:15,1
DA:16,1
DA:18,1
DA:19,1
DA:20,1
DA:21,3
DA:27,1
DA:29,1
DA:31,1
DA:32,1
DA:33,1
DA:34,1
DA:35,1
DA:37,1
DA:38,1
DA:39,1
DA:40,1
DA:41,1
DA:42,1
DA:43,1
DA:44,1
DA:45,1
DA:46,1
DA:47,1
DA:48,1
DA:49,1
DA:50,1
DA:51,1
DA:52,1
DA:54,1
DA:55,1
DA:56,1
DA:57,1
DA:58,1
DA:59,1
LF:40
LH:40
end_of_record
